C:\USERS\WER\DOCUMENTS\Основная папка\Диплом\Эксперименты\QTPROJ1\DEBUG\QTPROJ1.OBJ
C:\USERS\WER\DOCUMENTS\Основная папка\Диплом\Эксперименты\QTPROJ1\DEBUG\MAIN.OBJ
C:\USERS\WER\DOCUMENTS\Основная папка\Диплом\Эксперименты\QTPROJ1\DEBUG\MOC_QTPROJ1.OBJ
C:\USERS\WER\DOCUMENTS\ОСНОВНАЯ ПАПКА\ДИПЛОМ\ЭКСПЕРИМЕНТЫ\QTPROJ1\DEBUG\VC110.PDB
C:\USERS\WER\DOCUMENTS\Основная папка\Диплом\Эксперименты\QTPROJ1\DEBUG\QRC_QTPROJ1.OBJ
C:\USERS\WER\DOCUMENTS\ОСНОВНАЯ ПАПКА\ДИПЛОМ\ЭКСПЕРИМЕНТЫ\QTPROJ1\GENERATEDFILES\DEBUG\MOC_QTPROJ1.CPP
C:\USERS\WER\DOCUMENTS\ОСНОВНАЯ ПАПКА\ДИПЛОМ\ЭКСПЕРИМЕНТЫ\QTPROJ1\GENERATEDFILES\UI_QTPROJ1.H
C:\USERS\WER\DOCUMENTS\ОСНОВНАЯ ПАПКА\ДИПЛОМ\ЭКСПЕРИМЕНТЫ\QTPROJ1\GENERATEDFILES\QRC_QTPROJ1.CPP
C:\USERS\WER\DOCUMENTS\Основная папка\Диплом\Эксперименты\QTPROJ1\DEBUG\QTPROJ1.RES
C:\Users\Wer\Documents\Основная папка\Диплом\Эксперименты\Qtproj1\Debug\main.obj
C:\Users\Wer\Documents\Основная папка\Диплом\Эксперименты\Qtproj1\Debug\moc_qtproj1.obj
C:\Users\Wer\Documents\Основная папка\Диплом\Эксперименты\Qtproj1\Debug\qrc_qtproj1.obj
C:\Users\Wer\Documents\Основная папка\Диплом\Эксперименты\Qtproj1\Debug\qtproj1.obj
C:\Users\Wer\Documents\Основная папка\Диплом\Эксперименты\Qtproj1\Debug\cl.command.1.tlog
C:\Users\Wer\Documents\Основная папка\Диплом\Эксперименты\Qtproj1\Debug\CL.read.1.tlog
C:\Users\Wer\Documents\Основная папка\Диплом\Эксперименты\Qtproj1\Debug\CL.write.1.tlog
C:\Users\Wer\Documents\Основная папка\Диплом\Эксперименты\Qtproj1\Debug\custombuild.command.1.tlog
C:\Users\Wer\Documents\Основная папка\Диплом\Эксперименты\Qtproj1\Debug\custombuild.read.1.tlog
C:\Users\Wer\Documents\Основная папка\Диплом\Эксперименты\Qtproj1\Debug\custombuild.write.1.tlog
C:\Users\Wer\Documents\Основная папка\Диплом\Эксперименты\Qtproj1\Debug\link-cvtres.read.1.tlog
C:\Users\Wer\Documents\Основная папка\Диплом\Эксперименты\Qtproj1\Debug\link-cvtres.write.1.tlog
C:\Users\Wer\Documents\Основная папка\Диплом\Эксперименты\Qtproj1\Debug\link-rc.read.1.tlog
C:\Users\Wer\Documents\Основная папка\Диплом\Эксперименты\Qtproj1\Debug\link-rc.write.1.tlog
C:\Users\Wer\Documents\Основная папка\Диплом\Эксперименты\Qtproj1\Debug\link.command.1.tlog
C:\Users\Wer\Documents\Основная папка\Диплом\Эксперименты\Qtproj1\Debug\link.read.1.tlog
C:\Users\Wer\Documents\Основная папка\Диплом\Эксперименты\Qtproj1\Debug\link.write.1.tlog
C:\Users\Wer\Documents\Основная папка\Диплом\Эксперименты\Qtproj1\Debug\rc.command.1.tlog
C:\Users\Wer\Documents\Основная папка\Диплом\Эксперименты\Qtproj1\Debug\rc.read.1.tlog
C:\Users\Wer\Documents\Основная папка\Диплом\Эксперименты\Qtproj1\Debug\rc.write.1.tlog
C:\Users\Wer\Documents\Основная папка\Диплом\Эксперименты\Qtproj1\Debug\Qtproj1.res
C:\Users\Wer\Documents\Основная папка\Диплом\Эксперименты\Qtproj1\Debug\vc110.pdb
C:\Users\Wer\Documents\Основная папка\Диплом\Эксперименты\Qtproj1\Win32\Debug\Qtproj1.pdb
